#
# There is insufficient memory for the Java Runtime Environment to continue.
# Native memory allocation (mmap) failed to map 132120576 bytes for G1 virtual space
# Possible reasons:
#   The system is out of physical RAM or swap space
#   The process is running with CompressedOops enabled, and the Java Heap may be blocking the growth of the native heap
# Possible solutions:
#   Reduce memory load on the system
#   Increase physical memory or swap space
#   Check if swap backing store is full
#   Decrease Java heap size (-Xmx/-Xms)
#   Decrease number of Java threads
#   Decrease Java thread stack sizes (-Xss)
#   Set larger code cache with -XX:ReservedCodeCacheSize=
#   JVM is running with Unscaled Compressed Oops mode in which the Java heap is
#     placed in the first 4GB address space. The Java Heap base address is the
#     maximum limit for the native heap growth. Please use -XX:HeapBaseMinAddress
#     to set the Java Heap base and to place the Java Heap above 4GB virtual address.
# This output file may be truncated or incomplete.
#
#  Out of Memory Error (os_windows.cpp:3527), pid=8724, tid=10724
#
# JRE version:  (19.0.1+10) (build )
# Java VM: Java HotSpot(TM) 64-Bit Server VM (19.0.1+10-21, mixed mode, sharing, tiered, compressed oops, compressed class ptrs, g1 gc, windows-amd64)
# No core dump will be written. Minidumps are not enabled by default on client versions of Windows
#

---------------  S U M M A R Y ------------

Command Line: -ea -Didea.test.cyclic.buffer.size=1048576 -javaagent:D:\adi\programs\JetBrains\IntelliJ IDEA Community Edition 2023.1\lib\idea_rt.jar=57893:D:\adi\programs\JetBrains\IntelliJ IDEA Community Edition 2023.1\bin -Dfile.encoding=UTF-8 -Dsun.stdout.encoding=UTF-8 -Dsun.stderr.encoding=UTF-8 com.intellij.rt.junit.JUnitStarter -ideVersion5 -junit5 com.adi.belajarjpa.CriteriaQueryTest,criteriaTest

Host: Intel(R) Core(TM) i5-8250U CPU @ 1.60GHz, 8 cores, 7G,  Windows 10 , 64 bit Build 19041 (10.0.19041.1889)
Time: Wed Nov  1 09:38:44 2023 SE Asia Standard Time elapsed time: 0.136079 seconds (0d 0h 0m 0s)

---------------  T H R E A D  ---------------

Current thread (0x000001dd5e083b20):  JavaThread "Unknown thread" [_thread_in_vm, id=10724, stack(0x0000004938900000,0x0000004938a00000)]

Stack: [0x0000004938900000,0x0000004938a00000]
Native frames: (J=compiled Java code, j=interpreted, Vv=VM code, C=native code)
V  [jvm.dll+0x6ee8fa]
V  [jvm.dll+0x857a1e]
V  [jvm.dll+0x85940e]
V  [jvm.dll+0x859ac3]
V  [jvm.dll+0x28291f]
V  [jvm.dll+0x6eb6e9]
V  [jvm.dll+0x6e028a]
V  [jvm.dll+0x357136]
V  [jvm.dll+0x35eb96]
V  [jvm.dll+0x3b555e]
V  [jvm.dll+0x3b578f]
V  [jvm.dll+0x32c6ea]
V  [jvm.dll+0x32d59e]
V  [jvm.dll+0x821b20]
V  [jvm.dll+0x3c27c1]
V  [jvm.dll+0x8022f1]
V  [jvm.dll+0x44b30f]
V  [jvm.dll+0x44cc91]
C  [jli.dll+0x5287]
C  [ucrtbase.dll+0x21bb2]
C  [KERNEL32.DLL+0x17034]
C  [ntdll.dll+0x526a1]


---------------  P R O C E S S  ---------------

Threads class SMR info:
_java_thread_list=0x00007ffd11eed048, length=0, elements={
}

Java Threads: ( => current thread )

Other Threads:
  0x000001dd5e0e2970 WorkerThread "GC Thread#0" [stack: 0x0000004938a00000,0x0000004938b00000] [id=3320]
  0x000001dd5e0f4510 ConcurrentGCThread "G1 Main Marker" [stack: 0x0000004938b00000,0x0000004938c00000] [id=2288]
  0x000001dd5e0f55f0 WorkerThread "G1 Conc#0" [stack: 0x0000004938c00000,0x0000004938d00000] [id=6440]

[error occurred during error reporting (printing all threads), id 0xc0000005, EXCEPTION_ACCESS_VIOLATION (0xc0000005) at pc=0x00007ffd116ad127]

VM state: not at safepoint (not fully initialized)

VM Mutex/Monitor currently owned by a thread:  ([mutex/lock_event])
[0x000001dd5e07e940] Heap_lock - owner thread: 0x000001dd5e083b20

Heap address: 0x0000000082400000, size: 2012 MB, Compressed Oops mode: 32-bit

CDS archive(s) mapped at: [0x0000000000000000-0x0000000000000000-0x0000000000000000), size 0, SharedBaseAddress: 0x0000000800000000, ArchiveRelocationMode: 0.
Narrow klass base: 0x0000000000000000, Narrow klass shift: 0, Narrow klass range: 0x0

GC Precious Log:
 CardTable entry size: 512
 Card Set container configuration: InlinePtr #cards 5 size 8 Array Of Cards #cards 12 size 40 Howl #buckets 4 coarsen threshold 1843 Howl Bitmap #cards 512 size 80 coarsen threshold 460 Card regions per heap region 1 cards per card region 2048

Heap:
 garbage-first heap   total 0K, used 0K [0x0000000082400000, 0x0000000100000000)
  region size 1024K, 0 young (0K), 0 survivors (0K)

[error occurred during error reporting (printing heap information), id 0xc0000005, EXCEPTION_ACCESS_VIOLATION (0xc0000005) at pc=0x00007ffd11ab6959]

GC Heap History (0 events):
No events

Dll operation events (1 events):
Event: 0.129 Loaded shared library C:\Program Files\Java\jdk-19\bin\java.dll

Deoptimization events (0 events):
No events

Classes loaded (0 events):
No events

Classes unloaded (0 events):
No events

Classes redefined (0 events):
No events

Internal exceptions (0 events):
No events

VM Operations (0 events):
No events

Events (0 events):
No events


Dynamic libraries:
0x00007ff698440000 - 0x00007ff698450000 	C:\Program Files\Java\jdk-19\bin\java.exe
0x00007ffd3f350000 - 0x00007ffd3f548000 	C:\WINDOWS\SYSTEM32\ntdll.dll
0x00007ffd3ea50000 - 0x00007ffd3eb0d000 	C:\WINDOWS\System32\KERNEL32.DLL
0x00007ffd3cb80000 - 0x00007ffd3ce52000 	C:\WINDOWS\System32\KERNELBASE.dll
0x00007ffd3d0c0000 - 0x00007ffd3d1c0000 	C:\WINDOWS\System32\ucrtbase.dll
0x00007ffd143b0000 - 0x00007ffd143cb000 	C:\Program Files\Java\jdk-19\bin\VCRUNTIME140.dll
0x00007ffd154d0000 - 0x00007ffd154e8000 	C:\Program Files\Java\jdk-19\bin\jli.dll
0x00007ffd3e290000 - 0x00007ffd3e33e000 	C:\WINDOWS\System32\ADVAPI32.dll
0x00007ffd3e090000 - 0x00007ffd3e12e000 	C:\WINDOWS\System32\msvcrt.dll
0x00007ffd3e360000 - 0x00007ffd3e3fc000 	C:\WINDOWS\System32\sechost.dll
0x00007ffd3ec10000 - 0x00007ffd3ed35000 	C:\WINDOWS\System32\RPCRT4.dll
0x00007ffd3d380000 - 0x00007ffd3d51d000 	C:\WINDOWS\System32\USER32.dll
0x00007ffd3d350000 - 0x00007ffd3d372000 	C:\WINDOWS\System32\win32u.dll
0x00007ffd251c0000 - 0x00007ffd2545a000 	C:\WINDOWS\WinSxS\amd64_microsoft.windows.common-controls_6595b64144ccf1df_6.0.19041.1110_none_60b5254171f9507e\COMCTL32.dll
0x00007ffd3eda0000 - 0x00007ffd3edcb000 	C:\WINDOWS\System32\GDI32.dll
0x00007ffd3cf60000 - 0x00007ffd3d06f000 	C:\WINDOWS\System32\gdi32full.dll
0x00007ffd3ca30000 - 0x00007ffd3cacd000 	C:\WINDOWS\System32\msvcp_win.dll
0x00007ffd3b6d0000 - 0x00007ffd3b6da000 	C:\WINDOWS\SYSTEM32\VERSION.dll
0x00007ffd3d5a0000 - 0x00007ffd3d5d0000 	C:\WINDOWS\System32\IMM32.DLL
0x00007ffd162a0000 - 0x00007ffd162ac000 	C:\Program Files\Java\jdk-19\bin\vcruntime140_1.dll
0x00007ffd141a0000 - 0x00007ffd1422e000 	C:\Program Files\Java\jdk-19\bin\msvcp140.dll
0x00007ffd11370000 - 0x00007ffd12030000 	C:\Program Files\Java\jdk-19\bin\server\jvm.dll
0x00007ffd2cb20000 - 0x00007ffd2cb29000 	C:\WINDOWS\SYSTEM32\WSOCK32.dll
0x00007ffd2c180000 - 0x00007ffd2c1a7000 	C:\WINDOWS\SYSTEM32\WINMM.dll
0x00007ffd3e220000 - 0x00007ffd3e28b000 	C:\WINDOWS\System32\WS2_32.dll
0x00007ffd3b690000 - 0x00007ffd3b6a2000 	C:\WINDOWS\SYSTEM32\kernel.appcore.dll
0x00007ffd15fa0000 - 0x00007ffd15faa000 	C:\Program Files\Java\jdk-19\bin\jimage.dll
0x00007ffd3a580000 - 0x00007ffd3a764000 	C:\WINDOWS\SYSTEM32\DBGHELP.DLL
0x00007ffd2d7a0000 - 0x00007ffd2d7cc000 	C:\WINDOWS\SYSTEM32\dbgcore.DLL
0x00007ffd3ced0000 - 0x00007ffd3cf52000 	C:\WINDOWS\System32\bcryptPrimitives.dll
0x00007ffd357a0000 - 0x00007ffd357ae000 	C:\Program Files\Java\jdk-19\bin\instrument.dll
0x00007ffd14950000 - 0x00007ffd14976000 	C:\Program Files\Java\jdk-19\bin\java.dll

dbghelp: loaded successfully - version: 4.0.5 - missing functions: none
symbol engine: initialized successfully - sym options: 0x614 - pdb path: .;C:\Program Files\Java\jdk-19\bin;C:\WINDOWS\SYSTEM32;C:\WINDOWS\WinSxS\amd64_microsoft.windows.common-controls_6595b64144ccf1df_6.0.19041.1110_none_60b5254171f9507e;C:\Program Files\Java\jdk-19\bin\server

VM Arguments:
jvm_args: -ea -Didea.test.cyclic.buffer.size=1048576 -javaagent:D:\adi\programs\JetBrains\IntelliJ IDEA Community Edition 2023.1\lib\idea_rt.jar=57893:D:\adi\programs\JetBrains\IntelliJ IDEA Community Edition 2023.1\bin -Dfile.encoding=UTF-8 -Dsun.stdout.encoding=UTF-8 -Dsun.stderr.encoding=UTF-8 
java_command: com.intellij.rt.junit.JUnitStarter -ideVersion5 -junit5 com.adi.belajarjpa.CriteriaQueryTest,criteriaTest
java_class_path (initial): D:\Users\mk.adi.nugroho2\.m2\repository\org\junit\platform\junit-platform-launcher\1.9.3\junit-platform-launcher-1.9.3.jar;D:\adi\programs\JetBrains\IntelliJ IDEA Community Edition 2023.1\lib\idea_rt.jar;D:\adi\programs\JetBrains\IntelliJ IDEA Community Edition 2023.1\plugins\junit\lib\junit5-rt.jar;D:\adi\programs\JetBrains\IntelliJ IDEA Community Edition 2023.1\plugins\junit\lib\junit-rt.jar;D:\adi\workspacejava\Belajar-JPA\target\test-classes;D:\adi\workspacejava\Belajar-JPA\target\classes;D:\Users\mk.adi.nugroho2\.m2\repository\org\springframework\boot\spring-boot-starter-data-jpa\3.1.1\spring-boot-starter-data-jpa-3.1.1.jar;D:\Users\mk.adi.nugroho2\.m2\repository\org\springframework\boot\spring-boot-starter-aop\3.1.1\spring-boot-starter-aop-3.1.1.jar;D:\Users\mk.adi.nugroho2\.m2\repository\org\springframework\spring-aop\6.0.10\spring-aop-6.0.10.jar;D:\Users\mk.adi.nugroho2\.m2\repository\org\aspectj\aspectjweaver\1.9.19\aspectjweaver-1.9.19.jar;D:\Users\mk.adi.nugroho2\.m2\repository\org\springframework\boot\spring-boot-starter-jdbc\3.1.1\spring-boot-starter-jdbc-3.1.1.jar;D:\Users\mk.adi.nugroho2\.m2\repository\com\zaxxer\HikariCP\5.0.1\HikariCP-5.0.1.jar;D:\Users\mk.adi.nugroho2\.m2\repository\org\springframework\spring-jdbc\6.0.10\spring-jdbc-6.0.10.jar;D:\Users\mk.adi.nugroho2\.m2\repository\org\hibernate\orm\hibernate-core\6.2.5.Final\hibernate-core-6.2.5.Final.jar;D:\Users\mk.adi.nugroho2\.m2\repository\jakarta\persistence\jakarta.persistence-api\3.1.0\jakarta.persistence-api-3.1.0.jar;D:\Users\mk.adi.nugroho2\.m2\repository\jakarta\transaction\jakarta.transaction-api\2.0.1\jakarta.transaction-api-2.0.1.jar;D:\Users\mk.adi.nugroho2\.m2\repository\org\jboss\logging\jboss-logging\3.5.1.Final\jboss-logging-3.5.1.Final.jar;D:\Users\mk.adi.nugroho2\.m2\repository\org\hibernate\common\hibernate-commons-annotations\6.0.6.Final\hibernate-commons-annotations-6.0.6.Final.jar;D:\Users\mk.adi.nugroho2\.m2\repository\io\smallrye\jandex\3.0.5\jandex-3.0.5.jar;D:\Users\mk.adi.nugroho2\.m2\repository\com\fasterxml\classmate\1.5.1\classmate-1.5.1.jar;D:\Users\mk.adi.nugroho2\.m2\repository\net\bytebuddy\byte-buddy\1.14.5\byte-buddy-1.14.5.jar;D:\Users\mk.adi.nugroho2\.m2\repository\org\glassfish\jaxb\jaxb-runtime\4.0.3\jaxb-runtime-4.0.3.jar;D:\Users\mk.adi.nugroho2\.m2\repository\org\glassfish\jaxb\jaxb-core\4.0.3\jaxb-core-4.0.3.jar;D:\Users\mk.adi.nugroho2\.m2\repository\org\eclipse\angus\angus-activation\2.0.1\angus-activation-2.0.1.jar;D:\Users\mk.adi.nugroho2\.m2\repository\org\glassfish\jaxb\txw2\4.0.3\txw2-4.0.3.jar;D:\Users\mk.adi.nugroho2\.m2\repository\com\sun\istack\istack-commons-runtime\4.1.2\istack-commons-runtime-4.1.2.jar;D:\Users\mk.adi.nugroho2\.m2\repository\jakarta\inject\jakarta.inject-api\2.0.1\jakarta.inject-api-2.0.1.jar;D:\Users\mk.adi.nugroho2\.m2\repository\org\antlr\antlr4-runtime\4.10.1\antlr4-runtime-4.10.1.jar;D:\Users\mk.adi.nugroho2\.m2\repository\org\springframework\data\spring-data-jpa\3.1.1\spring-data-jpa-3.1.1.jar;D:\Users\mk.adi.nugroho2\.m2\repository\org\springframework\data\spring-data-commons\3.1.1\spring-data-commons-3.1.1.jar;D:\Users\mk.adi.nugroho2\.m2\repository\org\springframework\spring-orm\6.0.10\spring-orm-6.0.10.jar;D:\Users\mk.adi.nugroho2\.m2\repository\org\springframework\spring-context\6.0.10\spring-context-6.0.10.jar;D:\Users\mk.adi.nugroho2\.m2\repository\org\springframework\spring-tx\6.0.10\spring-tx-6.0.10.jar;D:\Users\mk.adi.nugroho2\.m2\repository\org\springframework\spring-beans\6.0.10\spring-beans-6.0.10.jar;D:\Users\mk.adi.nugroho2\.m2\repository\jakarta\annotation\jakarta.annotation-api\2.1.1\jakarta.annotation-api-2.1.1.jar;D:\Users\mk.adi.nugroho2\.m2\repository\org\slf4j\slf4j-api\2.0.7\slf4j-api-2.0.7.jar;D:\Users\mk.adi.nugroho2\.m2\repository\org\springframework\spring-aspects\6.0.10\spring-aspects-6.0.10.jar;D:\Users\mk.adi.nugroho2\.m2\repository\org\springframework\boot\spring-boot-starter-web\3.1.1\spring-boot-starter-web-3.1.1.jar;D:\Users\mk.adi.nugroho2\.m2\repository\org\springframework\boot\spring-boot-starter\3.1.1\spring-boot-starter-3.1.1.jar;D:\Users\mk.adi.nugroho2\.m2\repository\org\springframework\boot\spring-boot-starter-logging\3.1.1\spring-boot-starter-logging-3.1.1.jar;D:\Users\mk.adi.nugroho2\.m2\repository\ch\qos\logback\logback-classic\1.4.8\logback-classic-1.4.8.jar;D:\Users\mk.adi.nugroho2\.m2\repository\ch\qos\logback\logback-core\1.4.8\logback-core-1.4.8.jar;D:\Users\mk.adi.nugroho2\.m2\repository\org\apache\logging\log4j\log4j-to-slf4j\2.20.0\log4j-to-slf4j-2.20.0.jar;D:\Users\mk.adi.nugroho2\.m2\repository\org\apache\logging\log4j\log4j-api\2.20.0\log4j-api-2.20.0.jar;D:\Users\mk.adi.nugroho2\.m2\repository\org\slf4j\jul-to-slf4j\2.0.7\jul-to-slf4j-2.0.7.jar;D:\Users\mk.adi.nugroho2\.m2\repository\org\yaml\snakeyaml\1.33\snakeyaml-1.33.jar;D:\Users\mk.adi.nugroho2\.m2\repository\org\springframework\boot\spring-boot-starter-json\3.1.1\spring-boot-starter-json-3.1.1.jar;D:\Users\mk.adi.nugroho2\.m2\repository\com\fasterxml\jackson\core\jackson-databind\2.15.2\jackson-databind-2.15.2.jar;D:\Users\mk.adi.nugroho2\.m2\repository\com\fasterxml\jackson\core\jackson-annotations\2.15.2\jackson-annotations-2.15.2.jar;D:\Users\mk.adi.nugroho2\.m2\repository\com\fasterxml\jackson\core\jackson-core\2.15.2\jackson-core-2.15.2.jar;D:\Users\mk.adi.nugroho2\.m2\repository\com\fasterxml\jackson\datatype\jackson-datatype-jdk8\2.15.2\jackson-datatype-jdk8-2.15.2.jar;D:\Users\mk.adi.nugroho2\.m2\repository\com\fasterxml\jackson\datatype\jackson-datatype-jsr310\2.15.2\jackson-datatype-jsr310-2.15.2.jar;D:\Users\mk.adi.nugroho2\.m2\repository\com\fasterxml\jackson\module\jackson-module-parameter-names\2.15.2\jackson-module-parameter-names-2.15.2.jar;D:\Users\mk.adi.nugroho2\.m2\repository\org\springframework\boot\spring-boot-starter-tomcat\3.1.1\spring-boot-starter-tomcat-3.1.1.jar;D:\Users\mk.adi.nugroho2\.m2\repository\org\apache\tomcat\embed\tomcat-embed-core\10.1.10\tomcat-embed-core-10.1.10.jar;D:\Users\mk.adi.nugroho2\.m2\repository\org\apache\tomcat\embed\tomcat-embed-el\10.1.10\tomcat-embed-el-10.1.10.jar;D:\Users\mk.adi.nugroho2\.m2\repository\org\apache\tomcat\embed\tomcat-embed-websocket\10.1.10\tomcat-embed-websocket-10.1.10.jar;D:\Users\mk.adi.nugroho2\.m2\repository\org\springframework\spring-web\6.0.10\spring-web-6.0.10.jar;D:\Users\mk.adi.nugroho2\.m2\repository\io\micrometer\micrometer-observation\1.11.1\micrometer-observation-1.11.1.jar;D:\Users\mk.adi.nugroho2\.m2\repository\io\micrometer\micrometer-commons\1.11.1\micrometer-commons-1.11.1.jar;D:\Users\mk.adi.nugroho2\.m2\repository\org\springframework\spring-webmvc\6.0.10\spring-webmvc-6.0.10.jar;D:\Users\mk.adi.nugroho2\.m2\repository\org\springframework\spring-expression\6.0.10\spring-expression-6.0.10.jar;D:\Users\mk.adi.nugroho2\.m2\repository\org\springframework\boot\spring-boot-devtools\3.1.1\spring-boot-devtools-3.1.1.jar;D:\Users\mk.adi.nugroho2\.m2\repository\org\springframework\boot\spring-boot\3.1.1\spring-boot-3.1.1.jar;D:\Users\mk.adi.nugroho2\.m2\repository\org\springframework\boot\spring-boot-autoconfigure\3.1.1\spring-boot-autoconfigure-3.1.1.jar;D:\Users\mk.adi.nugroho2\.m2\repository\com\mysql\mysql-connector-j\8.0.33\mysql-connector-j-8.0.33.jar;D:\Users\mk.adi.nugroho2\.m2\repository\org\springframework\boot\spring-boot-configuration-processor\3.1.1\spring-boot-configuration-processor-3.1.1.jar;D:\Users\mk.adi.nugroho2\.m2\repository\org\projectlombok\lombok\1.18.28\lombok-1.18.28.jar;D:\Users\mk.adi.nugroho2\.m2\repository\org\springframework\boot\spring-boot-starter-test\3.1.1\spring-boot-starter-test-3.1.1.jar;D:\Users\mk.adi.nugroho2\.m2\repository\org\springframework\boot\spring-boot-test\3.1.1\spring-boot-test-3.1.1.jar;D:\Users\mk.adi.nugroho2\.m2\repository\org\springframework\boot\spring-boot-test-autoconfigure\3.1.1\spring-boot-test-autoconfigure-3.1.1.jar;D:\Users\mk.adi.nugroho2\.m2\repository\com\jayway\jsonpath\json-path\2.8.0\json-path-2.8.0.jar;D:\Users\mk.adi.nugroho2\.m2\repository\jakarta\xml\bind\jakarta.xml.bind-api\4.0.0\jakarta.xml.bind-api-4.0.0.jar;D:\Users\mk.adi.nugroho2\.m2\repository\jakarta\activation\jakarta.activation-api\2.1.2\jakarta.activation-api-2.1.2.jar;D:\Users\mk.adi.nugroho2\.m2\repository\net\minidev\json-smart\2.4.11\json-smart-2.4.11.jar;D:\Users\mk.adi.nugroho2\.m2\repository\net\minidev\accessors-smart\2.4.11\accessors-smart-2.4.11.jar;D:\Users\mk.adi.nugroho2\.m2\repository\org\ow2\asm\asm\9.3\asm-9.3.jar;D:\Users\mk.adi.nugroho2\.m2\repository\org\assertj\assertj-core\3.24.2\assertj-core-3.24.2.jar;D:\Users\mk.adi.nugroho2\.m2\repository\org\hamcrest\hamcrest\2.2\hamcrest-2.2.jar;D:\Users\mk.adi.nugroho2\.m2\repository\org\junit\jupiter\junit-jupiter\5.9.3\junit-jupiter-5.9.3.jar;D:\Users\mk.adi.nugroho2\.m2\repository\org\junit\jupiter\junit-jupiter-api\5.9.3\junit-jupiter-api-5.9.3.jar;D:\Users\mk.adi.nugroho2\.m2\repository\org\opentest4j\opentest4j\1.2.0\opentest4j-1.2.0.jar;D:\Users\mk.adi.nugroho2\.m2\repository\org\junit\platform\junit-platform-commons\1.9.3\junit-platform-commons-1.9.3.jar;D:\Users\mk.adi.nugroho2\.m2\repository\org\apiguardian\apiguardian-api\1.1.2\apiguardian-api-1.1.2.jar;D:\Users\mk.adi.nugroho2\.m2\repository\org\junit\jupiter\junit-jupiter-params\5.9.3\junit-jupiter-params-5.9.3.jar;D:\Users\mk.adi.nugroho2\.m2\repository\org\junit\jupiter\junit-jupiter-engine\5.9.3\junit-jupiter-engine-5.9.3.jar;D:\Users\mk.adi.nugroho2\.m2\repository\org\junit\platform\junit-platform-engine\1.9.3\junit-platform-engine-1.9.3.jar;D:\Users\mk.adi.nugroho2\.m2\repository\org\mockito\mockito-core\5.3.1\mockito-core-5.3.1.jar;D:\Users\mk.adi.nugroho2\.m2\repository\net\bytebuddy\byte-buddy-agent\1.14.5\byte-buddy-agent-1.14.5.jar;D:\Users\mk.adi.nugroho2\.m2\repository\org\objenesis\objenesis\3.3\objenesis-3.3.jar;D:\Users\mk.adi.nugroho2\.m2\repository\org\mockito\mockito-junit-jupiter\5.3.1\mockito-junit-jupiter-5.3.1.jar;D:\Users\mk.adi.nugroho2\.m2\repository\org\skyscreamer\jsonassert\1.5.1\jsonassert-1.5.1.jar;D:\Users\mk.adi.nugroho2\.m2\repository\com\vaadin\external\google\android-json\0.0.20131108.vaadin1\android-json-0.0.20131108.vaadin1.jar;D:\Users\mk.adi.nugroho2\.m2\repository\org\springframework\spring-core\6.0.10\spring-core-6.0.10.jar;D:\Users\mk.adi.nugroho2\.m2\repository\org\springframework\spring-jcl\6.0.10\spring-jcl-6.0.10.jar;D:\Users\mk.adi.nugroho2\.m2\repository\org\springframework\spring-test\6.0.10\spring-test-6.0.10.jar;D:\Users\mk.adi.nugroho2\.m2\repository\org\xmlunit\xmlunit-core\2.9.1\xmlunit-core-2.9.1.jar
Launcher Type: SUN_STANDARD

[Global flags]
     intx CICompilerCount                          = 4                                         {product} {ergonomic}
     uint ConcGCThreads                            = 2                                         {product} {ergonomic}
     uint G1ConcRefinementThreads                  = 8                                         {product} {ergonomic}
   size_t G1HeapRegionSize                         = 1048576                                   {product} {ergonomic}
    uintx GCDrainStackTargetSize                   = 64                                        {product} {ergonomic}
   size_t InitialHeapSize                          = 132120576                                 {product} {ergonomic}
   size_t MarkStackSize                            = 4194304                                   {product} {ergonomic}
   size_t MaxHeapSize                              = 2109734912                                {product} {ergonomic}
   size_t MinHeapDeltaBytes                        = 1048576                                   {product} {ergonomic}
   size_t MinHeapSize                              = 8388608                                   {product} {ergonomic}
    uintx NonNMethodCodeHeapSize                   = 5839372                                {pd product} {ergonomic}
    uintx NonProfiledCodeHeapSize                  = 122909434                              {pd product} {ergonomic}
    uintx ProfiledCodeHeapSize                     = 122909434                              {pd product} {ergonomic}
    uintx ReservedCodeCacheSize                    = 251658240                              {pd product} {ergonomic}
     bool SegmentedCodeCache                       = true                                      {product} {ergonomic}
   size_t SoftMaxHeapSize                          = 2109734912                             {manageable} {ergonomic}
     bool UseCompressedClassPointers               = true                           {product lp64_product} {ergonomic}
     bool UseCompressedOops                        = true                           {product lp64_product} {ergonomic}
     bool UseG1GC                                  = true                                      {product} {ergonomic}
     bool UseLargePagesIndividualAllocation        = false                                  {pd product} {ergonomic}

Logging:
Log output configuration:
 #0: stdout all=warning uptime,level,tags foldmultilines=false
 #1: stderr all=off uptime,level,tags foldmultilines=false

Environment Variables:
JAVA_HOME=C:\Program Files\Java\jdk1.8.0_291
PATH=C:\Program Files (x86)\Razer\ChromaBroadcast\bin;C:\Program Files\Razer\ChromaBroadcast\bin;C:\Program Files\Microsoft MPI\Bin\;C:\Program Files\Common Files\Oracle\Java\javapath;C:\Program Files\Python38\Scripts\;C:\Program Files\Python38\;C:\Program Files (x86)\Common Files\Oracle\Java\javapath;C:\Program Files (x86)\Intel\Intel(R) Management Engine Components\iCLS\;C:\Program Files\Intel\Intel(R) Management Engine Components\iCLS\;C:\WINDOWS\system32;C:\WINDOWS;C:\WINDOWS\System32\Wbem;C:\WINDOWS\System32\WindowsPowerShell\v1.0\;C:\WINDOWS\System32\OpenSSH\;C:\Program Files (x86)\Intel\Intel(R) Management Engine Components\DAL;C:\Program Files\Intel\Intel(R) Management Engine Components\DAL;C:\Program Files\Intel\WiFi\bin\;C:\Program Files\Common Files\Intel\WirelessCommon\;C:\Program Files (x86)\SafeCom\SafeComPrintClient;D:\adi\programs\xampp\php;C:\Program Files\dotnet\;C:\Program Files\Microsoft SQL Server\130\Tools\Binn\;C:\Program Files (x86)\dotnet\;C:\apachemaven\apache-maven-3.8.4\bin;C:\Program Files\PuTTY\;C:\Program Files\Git\cmd;C:\Program Files (x86)\Microsoft SQL Server\150\Tools\Binn\;C:\Program Files\Microsoft SQL Server\150\Tools\Binn\;C:\Program Files\Microsoft SQL Server\150\DTS\Binn\;C:\ProgramData\ComposerSetup\bin;C:\Program Files\Java\jdk1.8.0_291;C:\Program Files (x86)\Microsoft SQL Server\150\DTS\Binn\;C:\Program Files\Azure Data Studio\bin;D:\adi\instanclient\instantclient_21_6_x64;C:\Program Files\nodejs\;D:\Users\mk.adi.nugroho2\AppData\Local\Programs\Python\Python311\Scripts\;D:\Users\mk.adi.nugroho2\AppData\Local\Programs\Python\Python311\;D:\Users\mk.adi.nugroho2\AppData\Local\Microsoft\WindowsApps;D:\Users\adi.nugroho1\AppData\Local\Programs\Python\Python310\Scripts\;C:\Program Files\heroku\bin;D:\Users\mk.adi.nugroho2\AppData\Roaming\Composer\vendor\bin;D:\Users\mk.adi.nugroho2\AppData\Local\Programs\Microsoft VS Code\bin;D:\Users\mk.adi.nugroho2\AppData\Roaming\npm;C:\Program Files\Go\bin;D:\adi\programs\xampp\mysql\bin;D:\adi\programs\PostgreSQL\bin;D:\Users\mk.adi.nugroho2\AppData\Local\Programs\Python\Python311\Scripts\;D:\Users\mk.adi.nugroho2\AppData\Local\Programs\Python\Python311\;D:\Users\mk.adi.nugroho2\AppData\Local\Microsoft\WindowsApps;D:\Users\adi.nugroho1\AppData\Local\Programs\Python\Python310\Scripts\;C:\Program Files\heroku\bin;D:\Users\mk.adi.nugroho2\AppData\Roaming\Composer\vendor\bin;D:\adi\programs\JetBrains\IntelliJ IDEA 2021.3.3\bin;;D:\adi\programs\JetBrains\PhpStorm 2021.3.3\bin;;D:\adi\programs\JetBrains\WebStorm 2021.3.3\bin;;D:\adi\programs\JetBrains\DataGrip 2021.3.4\bin;;D:\Users\mk.adi.nugroho2\AppData\Local\Programs\Microsoft VS Code\bin;C:\Program Files\Azure Data Studio\bin;D:\adi\instanclient\instantclient_21_6_x64;D:\Users\mk.adi.nugroho2\AppData\Roaming\npm;D:\adi\programs\JetBrains\PyCharm 2022.3.2\bin;;D:\Users\mk.adi.nugroho2\go\bin;D:\adi\programs\JetBrains\IntelliJ IDEA Community Edition 2023.1\bin;
USERNAME=mk.adi.nugroho2
OS=Windows_NT
PROCESSOR_IDENTIFIER=Intel64 Family 6 Model 142 Stepping 10, GenuineIntel
TMP=D:\Users\MKADI~1.NUG\AppData\Local\Temp
TEMP=D:\Users\MKADI~1.NUG\AppData\Local\Temp



---------------  S Y S T E M  ---------------

OS:
 Windows 10 , 64 bit Build 19041 (10.0.19041.1889)
OS uptime: 0 days 1:42 hours
Hyper-V role detected

CPU: total 8 (initial active 8) (4 cores per cpu, 2 threads per core) family 6 model 142 stepping 10 microcode 0xb4, cx8, cmov, fxsr, ht, mmx, 3dnowpref, sse, sse2, sse3, ssse3, sse4.1, sse4.2, popcnt, lzcnt, tsc, tscinvbit, avx, avx2, aes, erms, clmul, bmi1, bmi2, adx, fma, vzeroupper, clflush, clflushopt, hv, rdtscp

Memory: 4k page, system-wide physical 8042M (1170M free)
TotalPageFile size 11067M (AvailPageFile size 118M)
current process WorkingSet (physical memory assigned to process): 10M, peak: 10M
current process commit charge ("private bytes"): 60M, peak: 186M

vm_info: Java HotSpot(TM) 64-Bit Server VM (19.0.1+10-21) for windows-amd64 JRE (19.0.1+10-21), built on 2022-09-14T12:45:06Z by "mach5one" with MS VC++ 17.1 (VS2022)

END.
